<?xml version="1.0" encoding="UTF-8"?>
<!-- Generated by org.testng.reporters.JUnitReportReporter -->
<testsuite hostname="RK" failures="0" tests="1" name="com.itLearn.test.LoginTest" time="12.456" errors="0" timestamp="2024-05-18T17:30:03 IST" skipped="0">
  <testcase classname="com.itLearn.test.LoginTest" name="loginTest" time="12.456"/>
</testsuite> <!-- com.itLearn.test.LoginTest -->
