<?xml version="1.0" encoding="UTF-8"?>
<!-- Generated by org.testng.reporters.JUnitReportReporter -->
<testsuite hostname="RK" failures="0" tests="1" name="com.itLearn.test.DemoTest" time="9.280" errors="0" timestamp="2024-05-18T17:14:28 IST" skipped="0">
  <testcase classname="com.itLearn.test.DemoTest" name="loginTest" time="9.280"/>
</testsuite> <!-- com.itLearn.test.DemoTest -->
